<?xml version="1.0" encoding="UTF-8"?>
<!-- Generated by org.testng.reporters.JUnitXMLReporter -->
<testsuite ignored="0" hostname="LAPTOP-8VII3GVS" failures="0" tests="1" name="Drybar New Account Creation" time="7.535" errors="0" timestamp="2025-08-14T18:03:28 IST">
  <testcase classname="tests.Drybar.DrybarCreateAccount" name="@BeforeMethod setup" time="6.704">
    <failure type="com.microsoft.playwright.impl.TargetClosedError" message="Error {
  message=&amp;apos;Target page, context or browser has been closed
  name=&amp;apos;TargetClosedError
  stack=&amp;apos;TargetClosedError:Target page, context or browser has been closed
Error
    at captureRawStack (C:\Users\varap\AppData\Local\Temp\playwright-java-3790272097696056867\package\lib\utils\stackTrace.js:49:17)
    at LongStandingScope._race (C:\Users\varap\AppData\Local\Temp\playwright-java-3790272097696056867\package\lib\utils\manualPromise.js:91:52)
    at LongStandingScope.race (C:\Users\varap\AppData\Local\Temp\playwright-java-3790272097696056867\package\lib\utils\manualPromise.js:84:17)
    at FrameDispatcher._handleCommand (C:\Users\varap\AppData\Local\Temp\playwright-java-3790272097696056867\package\lib\server\dispatchers\dispatcher.js:96:36)
    at DispatcherConnection.dispatch (C:\Users\varap\AppData\Local\Temp\playwright-java-3790272097696056867\package\lib\server\dispatchers\dispatcher.js:361:39)
}
Call log:
- navigating to &amp;quot;https://mcloud-na-preprod.drybar.com/&amp;quot;, waiting until &amp;quot;load&amp;quot;
">
      <![CDATA[com.microsoft.playwright.impl.TargetClosedError: Error {
  message='Target page, context or browser has been closed
  name='TargetClosedError
  stack='TargetClosedError:Target page, context or browser has been closed
Error
    at captureRawStack (C:\Users\varap\AppData\Local\Temp\playwright-java-3790272097696056867\package\lib\utils\stackTrace.js:49:17)
    at LongStandingScope._race (C:\Users\varap\AppData\Local\Temp\playwright-java-3790272097696056867\package\lib\utils\manualPromise.js:91:52)
    at LongStandingScope.race (C:\Users\varap\AppData\Local\Temp\playwright-java-3790272097696056867\package\lib\utils\manualPromise.js:84:17)
    at FrameDispatcher._handleCommand (C:\Users\varap\AppData\Local\Temp\playwright-java-3790272097696056867\package\lib\server\dispatchers\dispatcher.js:96:36)
    at DispatcherConnection.dispatch (C:\Users\varap\AppData\Local\Temp\playwright-java-3790272097696056867\package\lib\server\dispatchers\dispatcher.js:361:39)
}
Call log:
- navigating to "https://mcloud-na-preprod.drybar.com/", waiting until "load"

at com.microsoft.playwright.impl.WaitableResult.get(WaitableResult.java:54)
at com.microsoft.playwright.impl.ChannelOwner.runUntil(ChannelOwner.java:120)
at com.microsoft.playwright.impl.Connection.sendMessage(Connection.java:130)
at com.microsoft.playwright.impl.ChannelOwner.sendMessage(ChannelOwner.java:106)
at com.microsoft.playwright.impl.FrameImpl.navigateImpl(FrameImpl.java:463)
at com.microsoft.playwright.impl.PageImpl.lambda$navigate$46(PageImpl.java:927)
at com.microsoft.playwright.impl.LoggingSupport.withLogging(LoggingSupport.java:47)
at com.microsoft.playwright.impl.ChannelOwner.withLogging(ChannelOwner.java:89)
at com.microsoft.playwright.impl.PageImpl.navigate(PageImpl.java:927)
at com.microsoft.playwright.impl.PageImpl.navigate(PageImpl.java:42)
at com.microsoft.playwright.Page.navigate(Page.java:5530)
at utils.TestSetup.initializePageAndNavigate(TestSetup.java:33)
at tests.Drybar.DrybarCreateAccount.setup(DrybarCreateAccount.java:34)
at java.base/java.util.ArrayList.forEach(ArrayList.java:1511)
Caused by: com.microsoft.playwright.impl.TargetClosedError: Error {
  message='Target page, context or browser has been closed
  name='TargetClosedError
  stack='TargetClosedError:Target page, context or browser has been closed
Error
    at captureRawStack (C:\Users\varap\AppData\Local\Temp\playwright-java-3790272097696056867\package\lib\utils\stackTrace.js:49:17)
    at LongStandingScope._race (C:\Users\varap\AppData\Local\Temp\playwright-java-3790272097696056867\package\lib\utils\manualPromise.js:91:52)
    at LongStandingScope.race (C:\Users\varap\AppData\Local\Temp\playwright-java-3790272097696056867\package\lib\utils\manualPromise.js:84:17)
    at FrameDispatcher._handleCommand (C:\Users\varap\AppData\Local\Temp\playwright-java-3790272097696056867\package\lib\server\dispatchers\dispatcher.js:96:36)
    at DispatcherConnection.dispatch (C:\Users\varap\AppData\Local\Temp\playwright-java-3790272097696056867\package\lib\server\dispatchers\dispatcher.js:361:39)
}
Call log:
- navigating to "https://mcloud-na-preprod.drybar.com/", waiting until "load"

at com.microsoft.playwright.impl.Connection.dispatch(Connection.java:256)
at com.microsoft.playwright.impl.Connection.processOneMessage(Connection.java:211)
at com.microsoft.playwright.impl.ChannelOwner.runUntil(ChannelOwner.java:118)
... 41 more
... Removed 29 stack frames]]>
    </failure>
  </testcase> <!-- @BeforeMethod setup -->
  <testcase classname="tests.Drybar.DrybarCreateAccount" name="Drybar_CreateAccount" time="0.0">
    <skipped/>
  </testcase> <!-- Drybar_CreateAccount -->
</testsuite> <!-- Drybar New Account Creation -->
