<?xml version="1.0" encoding="UTF-8"?>
<testng-results ignored="0" total="1" passed="1" failed="0" skipped="0">
  <reporter-output>
  </reporter-output>
  <suite started-at="2025-08-07T15:43:04 IST" name="Default suite" finished-at="2025-08-07T15:43:34 IST" duration-ms="30276">
    <groups>
    </groups>
    <test started-at="2025-08-07T15:43:04 IST" name="Default test" finished-at="2025-08-07T15:43:34 IST" duration-ms="30276">
      <class name="tests.Drybar.DrybarRegCheckout">
        <test-method is-config="true" signature="setupConfig()[pri:0, instance:tests.Drybar.DrybarRegCheckout@1c9b0314]" started-at="2025-08-07T15:43:04 IST" name="setupConfig" finished-at="2025-08-07T15:43:07 IST" duration-ms="2810" status="PASS">
          <reporter-output>
          </reporter-output>
        </test-method> <!-- setupConfig -->
        <test-method is-config="true" signature="setup()[pri:0, instance:tests.Drybar.DrybarRegCheckout@1c9b0314]" started-at="2025-08-07T15:43:07 IST" name="setup" finished-at="2025-08-07T15:43:09 IST" duration-ms="1658" status="PASS">
          <reporter-output>
          </reporter-output>
        </test-method> <!-- setup -->
        <test-method signature="DrybarReg_Checkout()[pri:0, instance:tests.Drybar.DrybarRegCheckout@1c9b0314]" started-at="2025-08-07T15:43:09 IST" name="DrybarReg_Checkout" description="Order place with Register User CC Payment " finished-at="2025-08-07T15:43:34 IST" duration-ms="25276" status="PASS">
          <reporter-output>
          </reporter-output>
        </test-method> <!-- DrybarReg_Checkout -->
        <test-method is-config="true" signature="tearDown()[pri:0, instance:tests.Drybar.DrybarRegCheckout@1c9b0314]" started-at="2025-08-07T15:43:34 IST" name="tearDown" finished-at="2025-08-07T15:43:34 IST" duration-ms="409" status="PASS">
          <reporter-output>
          </reporter-output>
        </test-method> <!-- tearDown -->
      </class> <!-- tests.Drybar.DrybarRegCheckout -->
    </test> <!-- Default test -->
  </suite> <!-- Default suite -->
</testng-results>
